[1103/014801.256:ERROR:process_memory_win.cc(73)] ReadMemory at 0x7ff6f7ec0000 of 64 bytes failed: Запрос ReadProcessMemory или WriteProcessMemory был выполнен только частично. (0x12B)
[1103/014801.259:WARNING:pe_image_reader.cc(340)] could not read dos header from C:\Program Files (x86)\Google\Chrome\Application\chrome.exe
[1103/014801.259:ERROR:process_memory_win.cc(73)] ReadMemory at 0x7ffb6dc20000 of 64 bytes failed: Запрос ReadProcessMemory или WriteProcessMemory был выполнен только частично. (0x12B)
[1103/014801.259:WARNING:pe_image_reader.cc(340)] could not read dos header from C:\WINDOWS\SYSTEM32\ntdll.dll
[1103/014801.259:ERROR:process_memory_win.cc(73)] ReadMemory at 0x7ffb6d7e0000 of 64 bytes failed: Запрос ReadProcessMemory или WriteProcessMemory был выполнен только частично. (0x12B)
[1103/014801.266:WARNING:pe_image_reader.cc(340)] could not read dos header from C:\WINDOWS\System32\KERNEL32.DLL
[1103/014801.266:ERROR:process_memory_win.cc(73)] ReadMemory at 0x7ffb6b750000 of 64 bytes failed: Запрос ReadProcessMemory или WriteProcessMemory был выполнен только частично. (0x12B)
[1103/014801.266:WARNING:pe_image_reader.cc(340)] could not read dos header from C:\WINDOWS\System32\KERNELBASE.dll
[1103/014801.266:ERROR:process_memory_win.cc(73)] ReadMemory at 0x7ffb32300000 of 64 bytes failed: Запрос ReadProcessMemory или WriteProcessMemory был выполнен только частично. (0x12B)
[1103/014801.266:WARNING:pe_image_reader.cc(340)] could not read dos header from C:\Program Files (x86)\Google\Chrome\Application\78.0.3904.70\chrome_elf.dll
[1103/014801.266:ERROR:process_memory_win.cc(73)] ReadMemory at 0x7ffb62590000 of 64 bytes failed: Запрос ReadProcessMemory или WriteProcessMemory был выполнен только частично. (0x12B)
[1103/014801.266:WARNING:pe_image_reader.cc(340)] could not read dos header from C:\WINDOWS\SYSTEM32\VERSION.dll
[1103/014801.266:ERROR:process_memory_win.cc(73)] ReadMemory at 0x7ffb6c720000 of 64 bytes failed: Запрос ReadProcessMemory или WriteProcessMemory был выполнен только частично. (0x12B)
[1103/014801.266:WARNING:pe_image_reader.cc(340)] could not read dos header from C:\WINDOWS\System32\msvcrt.dll
[1103/014801.266:ERROR:process_memory_win.cc(73)] ReadMemory at 0x7ffb6ba00000 of 64 bytes failed: Запрос ReadProcessMemory или WriteProcessMemory был выполнен только частично. (0x12B)
[1103/014801.266:WARNING:pe_image_reader.cc(340)] could not read dos header from C:\WINDOWS\System32\bcryptPrimitives.dll
[1103/014801.266:ERROR:process_memory_win.cc(73)] ReadMemory at 0x7ffb6da50000 of 64 bytes failed: Запрос ReadProcessMemory или WriteProcessMemory был выполнен только частично. (0x12B)
[1103/014801.266:WARNING:pe_image_reader.cc(340)] could not read dos header from C:\WINDOWS\System32\ADVAPI32.dll
[1103/014801.266:ERROR:process_memory_win.cc(73)] ReadMemory at 0x7ffb6cc40000 of 64 bytes failed: Запрос ReadProcessMemory или WriteProcessMemory был выполнен только частично. (0x12B)
[1103/014801.266:WARNING:pe_image_reader.cc(340)] could not read dos header from C:\WINDOWS\System32\sechost.dll
[1103/014801.266:ERROR:process_memory_win.cc(73)] ReadMemory at 0x7ffb6bd80000 of 64 bytes failed: Запрос ReadProcessMemory или WriteProcessMemory был выполнен только частично. (0x12B)
[1103/014801.266:WARNING:pe_image_reader.cc(340)] could not read dos header from C:\WINDOWS\System32\RPCRT4.dll
[1103/014801.266:ERROR:process_memory_win.cc(73)] ReadMemory at 0x7ffb28d80000 of 64 bytes failed: Запрос ReadProcessMemory или WriteProcessMemory был выполнен только частично. (0x12B)
[1103/014801.266:WARNING:pe_image_reader.cc(340)] could not read dos header from C:\Program Files (x86)\Google\Chrome\Application\78.0.3904.70\chrome_child.dll
[1103/014801.266:ERROR:process_memory_win.cc(73)] ReadMemory at 0x7ffb6c8b0000 of 64 bytes failed: Запрос ReadProcessMemory или WriteProcessMemory был выполнен только частично. (0x12B)
[1103/014801.266:WARNING:pe_image_reader.cc(340)] could not read dos header from C:\WINDOWS\System32\OLEAUT32.dll
[1103/014801.266:ERROR:process_memory_win.cc(73)] ReadMemory at 0x7ffb6b690000 of 64 bytes failed: Запрос ReadProcessMemory или WriteProcessMemory был выполнен только частично. (0x12B)
[1103/014802.793:WARNING:pe_image_reader.cc(340)] could not read dos header from C:\WINDOWS\System32\msvcp_win.dll
[1103/014802.793:ERROR:process_memory_win.cc(73)] ReadMemory at 0x7ffb6bbd0000 of 64 bytes failed: Запрос ReadProcessMemory или WriteProcessMemory был выполнен только частично. (0x12B)
[1103/014802.793:WARNING:pe_image_reader.cc(340)] could not read dos header from C:\WINDOWS\System32\ucrtbase.dll
[1103/014802.793:ERROR:process_memory_win.cc(73)] ReadMemory at 0x7ffb6cce0000 of 64 bytes failed: Запрос ReadProcessMemory или WriteProcessMemory был выполнен только частично. (0x12B)
[1103/014802.793:WARNING:pe_image_reader.cc(340)] could not read dos header from C:\WINDOWS\System32\combase.dll
[1103/014802.794:ERROR:process_memory_win.cc(73)] ReadMemory at 0x7ffb6c980000 of 64 bytes failed: Запрос ReadProcessMemory или WriteProcessMemory был выполнен только частично. (0x12B)
[1103/014802.794:WARNING:pe_image_reader.cc(340)] could not read dos header from C:\WINDOWS\System32\WS2_32.dll
[1103/014802.794:ERROR:process_memory_win.cc(73)] ReadMemory at 0x7ffb6b580000 of 64 bytes failed: Запрос ReadProcessMemory или WriteProcessMemory был выполнен только частично. (0x12B)
[1103/014802.794:WARNING:pe_image_reader.cc(340)] could not read dos header from C:\WINDOWS\System32\WINTRUST.dll
[1103/014802.794:ERROR:process_memory_win.cc(73)] ReadMemory at 0x7ffb6ab90000 of 64 bytes failed: Запрос ReadProcessMemory или WriteProcessMemory был выполнен только частично. (0x12B)
[1103/014802.794:WARNING:pe_image_reader.cc(340)] could not read dos header from C:\WINDOWS\System32\MSASN1.dll
[1103/014802.794:ERROR:process_memory_win.cc(73)] ReadMemory at 0x7ffb6ba80000 of 64 bytes failed: Запрос ReadProcessMemory или WriteProcessMemory был выполнен только частично. (0x12B)
[1103/014802.794:WARNING:pe_image_reader.cc(340)] could not read dos header from C:\WINDOWS\System32\CRYPT32.dll
[1103/014802.794:ERROR:process_memory_win.cc(73)] ReadMemory at 0x7ffb6a070000 of 64 bytes failed: Запрос ReadProcessMemory или WriteProcessMemory был выполнен только частично. (0x12B)
[1103/014802.794:WARNING:pe_image_reader.cc(340)] could not read dos header from C:\WINDOWS\SYSTEM32\IPHLPAPI.DLL
[1103/014802.794:ERROR:process_memory_win.cc(73)] ReadMemory at 0x7ffb68800000 of 64 bytes failed: Запрос ReadProcessMemory или WriteProcessMemory был выполнен только частично. (0x12B)
[1103/014802.794:WARNING:pe_image_reader.cc(340)] could not read dos header from C:\WINDOWS\SYSTEM32\WINMM.dll
[1103/014802.794:ERROR:process_memory_win.cc(73)] ReadMemory at 0x7ffb6aa10000 of 64 bytes failed: Запрос ReadProcessMemory или WriteProcessMemory был выполнен только частично. (0x12B)
[1103/014802.794:WARNING:pe_image_reader.cc(340)] could not read dos header from C:\WINDOWS\SYSTEM32\USERENV.dll
[1103/014802.794:ERROR:process_memory_win.cc(73)] ReadMemory at 0x7ffb6ab20000 of 64 bytes failed: Запрос ReadProcessMemory или WriteProcessMemory был выполнен только частично. (0x12B)
[1103/014802.795:WARNING:pe_image_reader.cc(340)] could not read dos header from C:\WINDOWS\System32\profapi.dll
[1103/014802.795:ERROR:process_memory_win.cc(73)] ReadMemory at 0x7ffb5ac50000 of 64 bytes failed: Запрос ReadProcessMemory или WriteProcessMemory был выполнен только частично. (0x12B)
[1103/014802.795:WARNING:pe_image_reader.cc(340)] could not read dos header from C:\WINDOWS\SYSTEM32\DWrite.dll
[1103/014802.795:ERROR:process_memory_win.cc(73)] ReadMemory at 0x7ffb5f6d0000 of 64 bytes failed: Запрос ReadProcessMemory или WriteProcessMemory был выполнен только частично. (0x12B)
[1103/014802.795:WARNING:pe_image_reader.cc(340)] could not read dos header from C:\WINDOWS\SYSTEM32\WINSPOOL.DRV
[1103/014802.795:ERROR:process_memory_win.cc(73)] ReadMemory at 0x7ffb6ab00000 of 64 bytes failed: Запрос ReadProcessMemory или WriteProcessMemory был выполнен только частично. (0x12B)
[1103/014802.795:WARNING:pe_image_reader.cc(340)] could not read dos header from C:\WINDOWS\System32\kernel.appcore.dll
[1103/014802.795:ERROR:process_memory_win.cc(73)] ReadMemory at 0x7ffb6ac30000 of 64 bytes failed: Запрос ReadProcessMemory или WriteProcessMemory был выполнен только частично. (0x12B)
[1103/014802.795:WARNING:pe_image_reader.cc(340)] could not read dos header from C:\WINDOWS\System32\bcrypt.dll
[1103/014802.795:ERROR:process_memory_win.cc(73)] ReadMemory at 0x7ffb694f0000 of 64 bytes failed: Запрос ReadProcessMemory или WriteProcessMemory был выполнен только частично. (0x12B)
[1103/014802.795:WARNING:pe_image_reader.cc(340)] could not read dos header from C:\WINDOWS\SYSTEM32\dbghelp.dll
[1103/014802.795:ERROR:process_memory_win.cc(73)] ReadMemory at 0x7ffb556e0000 of 64 bytes failed: Запрос ReadProcessMemory или WriteProcessMemory был выполнен только частично. (0x12B)
[1103/014802.795:WARNING:pe_image_reader.cc(340)] could not read dos header from C:\WINDOWS\SYSTEM32\Secur32.dll
[1103/014802.795:ERROR:process_memory_win.cc(73)] ReadMemory at 0x7ffb645e0000 of 64 bytes failed: Запрос ReadProcessMemory или WriteProcessMemory был выполнен только частично. (0x12B)
[1103/014802.795:WARNING:pe_image_reader.cc(340)] could not read dos header from C:\WINDOWS\SYSTEM32\WINHTTP.dll
[1103/014802.796:ERROR:process_memory_win.cc(73)] ReadMemory at 0x7ffb62a10000 of 64 bytes failed: Запрос ReadProcessMemory или WriteProcessMemory был выполнен только частично. (0x12B)
[1103/014802.796:WARNING:pe_image_reader.cc(340)] could not read dos header from C:\WINDOWS\SYSTEM32\dhcpcsvc.DLL
[1103/014802.796:ERROR:process_memory_win.cc(73)] ReadMemory at 0x7ffb6d8c0000 of 64 bytes failed: Запрос ReadProcessMemory или WriteProcessMemory был выполнен только частично. (0x12B)
[1103/014802.796:WARNING:pe_image_reader.cc(340)] could not read dos header from C:\WINDOWS\System32\NSI.dll
[1103/014802.796:ERROR:process_memory_win.cc(73)] ReadMemory at 0x7ffb68380000 of 64 bytes failed: Запрос ReadProcessMemory или WriteProcessMemory был выполнен только частично. (0x12B)
[1103/014802.796:WARNING:pe_image_reader.cc(340)] could not read dos header from C:\WINDOWS\SYSTEM32\WINMMBASE.dll
[1103/014802.796:ERROR:process_memory_win.cc(73)] ReadMemory at 0x7ffb6abb0000 of 64 bytes failed: Запрос ReadProcessMemory или WriteProcessMemory был выполнен только частично. (0x12B)
[1103/014802.796:WARNING:pe_image_reader.cc(340)] could not read dos header from C:\WINDOWS\System32\cfgmgr32.dll
[1103/014802.796:ERROR:process_memory_win.cc(73)] ReadMemory at 0x7ffb67170000 of 64 bytes failed: Запрос ReadProcessMemory или WriteProcessMemory был выполнен только частично. (0x12B)
[1103/014802.796:WARNING:pe_image_reader.cc(340)] could not read dos header from C:\WINDOWS\SYSTEM32\PROPSYS.dll
[1103/014802.796:ERROR:process_memory_win.cc(73)] ReadMemory at 0x7ffb6bcd0000 of 64 bytes failed: Запрос ReadProcessMemory или WriteProcessMemory был выполнен только частично. (0x12B)
[1103/014802.796:WARNING:pe_image_reader.cc(340)] could not read dos header from C:\WINDOWS\System32\shcore.dll
[1103/014802.796:ERROR:process_memory_win.cc(73)] ReadMemory at 0x7ffb6a9e0000 of 64 bytes failed: Запрос ReadProcessMemory или WriteProcessMemory был выполнен только частично. (0x12B)
[1103/014802.796:WARNING:pe_image_reader.cc(340)] could not read dos header from C:\WINDOWS\SYSTEM32\SSPICLI.DLL
[1103/014802.796:ERROR:process_memory_win.cc(73)] ReadMemory at 0x7ffb6c030000 of 64 bytes failed: Запрос ReadProcessMemory или WriteProcessMemory был выполнен только частично. (0x12B)
[1103/014802.796:WARNING:pe_image_reader.cc(340)] could not read dos header from C:\WINDOWS\System32\SHELL32.dll
[1103/014802.797:ERROR:process_memory_win.cc(73)] ReadMemory at 0x7ffb6ae00000 of 64 bytes failed: Запрос ReadProcessMemory или WriteProcessMemory был выполнен только частично. (0x12B)
[1103/014802.797:WARNING:pe_image_reader.cc(340)] could not read dos header from C:\WINDOWS\System32\windows.storage.dll
[1103/014802.797:ERROR:process_memory_win.cc(73)] ReadMemory at 0x7ffb6ab40000 of 64 bytes failed: Запрос ReadProcessMemory или WriteProcessMemory был выполнен только частично. (0x12B)
[1103/014802.797:WARNING:pe_image_reader.cc(340)] could not read dos header from C:\WINDOWS\System32\powrprof.dll
[1103/014802.797:ERROR:process_memory_win.cc(73)] ReadMemory at 0x7ffb6aaf0000 of 64 bytes failed: Запрос ReadProcessMemory или WriteProcessMemory был выполнен только частично. (0x12B)
[1103/014802.797:WARNING:pe_image_reader.cc(340)] could not read dos header from C:\WINDOWS\System32\UMPDC.dll
[1103/014802.797:ERROR:process_memory_win.cc(73)] ReadMemory at 0x7ffb6db80000 of 64 bytes failed: Запрос ReadProcessMemory или WriteProcessMemory был выполнен только частично. (0x12B)
[1103/014802.797:WARNING:pe_image_reader.cc(340)] could not read dos header from C:\WINDOWS\System32\shlwapi.dll
[1103/014802.797:ERROR:process_memory_win.cc(73)] ReadMemory at 0x7ffb6bea0000 of 64 bytes failed: Запрос ReadProcessMemory или WriteProcessMemory был выполнен только частично. (0x12B)
[1103/014802.797:WARNING:pe_image_reader.cc(340)] could not read dos header from C:\WINDOWS\System32\GDI32.dll
[1103/014802.797:ERROR:process_memory_win.cc(73)] ReadMemory at 0x7ffb6ac00000 of 64 bytes failed: Запрос ReadProcessMemory или WriteProcessMemory был выполнен только частично. (0x12B)
[1103/014802.797:WARNING:pe_image_reader.cc(340)] could not read dos header from C:\WINDOWS\System32\win32u.dll
[1103/014802.797:ERROR:process_memory_win.cc(73)] ReadMemory at 0x7ffb6ac60000 of 64 bytes failed: Запрос ReadProcessMemory или WriteProcessMemory был выполнен только частично. (0x12B)
[1103/014802.797:WARNING:pe_image_reader.cc(340)] could not read dos header from C:\WINDOWS\System32\gdi32full.dll
[1103/014802.797:ERROR:process_memory_win.cc(73)] ReadMemory at 0x7ffb6d640000 of 64 bytes failed: Запрос ReadProcessMemory или WriteProcessMemory был выполнен только частично. (0x12B)
[1103/014802.798:WARNING:pe_image_reader.cc(340)] could not read dos header from C:\WINDOWS\System32\USER32.dll
[1103/014802.798:ERROR:process_memory_win.cc(73)] ReadMemory at 0x7ffb6b730000 of 64 bytes failed: Запрос ReadProcessMemory или WriteProcessMemory был выполнен только частично. (0x12B)
[1103/014802.798:WARNING:pe_image_reader.cc(340)] could not read dos header from C:\WINDOWS\System32\cryptsp.dll
[1103/014802.798:ERROR:process_memory_win.cc(73)] ReadMemory at 0x7ffb6c9f0000 of 64 bytes failed: Запрос ReadProcessMemory или WriteProcessMemory был выполнен только частично. (0x12B)
[1103/014802.798:WARNING:pe_image_reader.cc(340)] could not read dos header from C:\WINDOWS\System32\IMM32.DLL
[1103/014802.798:ERROR:process_memory_win.cc(73)] ReadMemory at 0x7ffb6a530000 of 64 bytes failed: Запрос ReadProcessMemory или WriteProcessMemory был выполнен только частично. (0x12B)
[1103/014802.798:WARNING:pe_image_reader.cc(340)] could not read dos header from C:\WINDOWS\SYSTEM32\CRYPTBASE.DLL
[1103/014802.798:ERROR:process_memory_win.cc(73)] ReadMemory at 0x7ff6f7ec0000 of 64 bytes failed: Запрос ReadProcessMemory или WriteProcessMemory был выполнен только частично. (0x12B)
[1103/014802.798:WARNING:pe_image_reader.cc(340)] could not read dos header from C:\Program Files (x86)\Google\Chrome\Application\chrome.exe
[1103/014802.798:ERROR:process_memory_win.cc(73)] ReadMemory at 0x7ffb6dc20000 of 64 bytes failed: Запрос ReadProcessMemory или WriteProcessMemory был выполнен только частично. (0x12B)
[1103/014802.798:WARNING:pe_image_reader.cc(340)] could not read dos header from C:\WINDOWS\SYSTEM32\ntdll.dll
[1103/014802.798:ERROR:process_memory_win.cc(73)] ReadMemory at 0x7ffb6d7e0000 of 64 bytes failed: Запрос ReadProcessMemory или WriteProcessMemory был выполнен только частично. (0x12B)
[1103/014802.798:WARNING:pe_image_reader.cc(340)] could not read dos header from C:\WINDOWS\System32\KERNEL32.DLL
[1103/014802.798:ERROR:process_memory_win.cc(73)] ReadMemory at 0x7ffb6b750000 of 64 bytes failed: Запрос ReadProcessMemory или WriteProcessMemory был выполнен только частично. (0x12B)
[1103/014802.798:WARNING:pe_image_reader.cc(340)] could not read dos header from C:\WINDOWS\System32\KERNELBASE.dll
[1103/014802.799:ERROR:process_memory_win.cc(73)] ReadMemory at 0x7ffb32300000 of 64 bytes failed: Запрос ReadProcessMemory или WriteProcessMemory был выполнен только частично. (0x12B)
[1103/014802.799:WARNING:pe_image_reader.cc(340)] could not read dos header from C:\Program Files (x86)\Google\Chrome\Application\78.0.3904.70\chrome_elf.dll
[1103/014802.799:ERROR:process_memory_win.cc(73)] ReadMemory at 0x7ffb62590000 of 64 bytes failed: Запрос ReadProcessMemory или WriteProcessMemory был выполнен только частично. (0x12B)
[1103/014802.799:WARNING:pe_image_reader.cc(340)] could not read dos header from C:\WINDOWS\SYSTEM32\VERSION.dll
[1103/014802.799:ERROR:process_memory_win.cc(73)] ReadMemory at 0x7ffb6c720000 of 64 bytes failed: Запрос ReadProcessMemory или WriteProcessMemory был выполнен только частично. (0x12B)
[1103/014802.799:WARNING:pe_image_reader.cc(340)] could not read dos header from C:\WINDOWS\System32\msvcrt.dll
[1103/014802.799:ERROR:process_memory_win.cc(73)] ReadMemory at 0x7ffb6ba00000 of 64 bytes failed: Запрос ReadProcessMemory или WriteProcessMemory был выполнен только частично. (0x12B)
[1103/014802.799:WARNING:pe_image_reader.cc(340)] could not read dos header from C:\WINDOWS\System32\bcryptPrimitives.dll
[1103/014802.799:ERROR:process_memory_win.cc(73)] ReadMemory at 0x7ffb6da50000 of 64 bytes failed: Запрос ReadProcessMemory или WriteProcessMemory был выполнен только частично. (0x12B)
[1103/014802.799:WARNING:pe_image_reader.cc(340)] could not read dos header from C:\WINDOWS\System32\ADVAPI32.dll
[1103/014802.799:ERROR:process_memory_win.cc(73)] ReadMemory at 0x7ffb6cc40000 of 64 bytes failed: Запрос ReadProcessMemory или WriteProcessMemory был выполнен только частично. (0x12B)
[1103/014802.799:WARNING:pe_image_reader.cc(340)] could not read dos header from C:\WINDOWS\System32\sechost.dll
[1103/014802.799:ERROR:process_memory_win.cc(73)] ReadMemory at 0x7ffb6bd80000 of 64 bytes failed: Запрос ReadProcessMemory или WriteProcessMemory был выполнен только частично. (0x12B)
[1103/014802.799:WARNING:pe_image_reader.cc(340)] could not read dos header from C:\WINDOWS\System32\RPCRT4.dll
[1103/014802.800:ERROR:process_memory_win.cc(73)] ReadMemory at 0x7ffb28d80000 of 64 bytes failed: Запрос ReadProcessMemory или WriteProcessMemory был выполнен только частично. (0x12B)
[1103/014802.800:WARNING:pe_image_reader.cc(340)] could not read dos header from C:\Program Files (x86)\Google\Chrome\Application\78.0.3904.70\chrome_child.dll
[1103/014802.800:ERROR:process_memory_win.cc(73)] ReadMemory at 0x7ffb6c8b0000 of 64 bytes failed: Запрос ReadProcessMemory или WriteProcessMemory был выполнен только частично. (0x12B)
[1103/014802.800:WARNING:pe_image_reader.cc(340)] could not read dos header from C:\WINDOWS\System32\OLEAUT32.dll
[1103/014802.800:ERROR:process_memory_win.cc(73)] ReadMemory at 0x7ffb6b690000 of 64 bytes failed: Запрос ReadProcessMemory или WriteProcessMemory был выполнен только частично. (0x12B)
[1103/014802.800:WARNING:pe_image_reader.cc(340)] could not read dos header from C:\WINDOWS\System32\msvcp_win.dll
[1103/014802.800:ERROR:process_memory_win.cc(73)] ReadMemory at 0x7ffb6bbd0000 of 64 bytes failed: Запрос ReadProcessMemory или WriteProcessMemory был выполнен только частично. (0x12B)
[1103/014802.800:WARNING:pe_image_reader.cc(340)] could not read dos header from C:\WINDOWS\System32\ucrtbase.dll
[1103/014802.800:ERROR:process_memory_win.cc(73)] ReadMemory at 0x7ffb6cce0000 of 64 bytes failed: Запрос ReadProcessMemory или WriteProcessMemory был выполнен только частично. (0x12B)
[1103/014802.800:WARNING:pe_image_reader.cc(340)] could not read dos header from C:\WINDOWS\System32\combase.dll
[1103/014802.800:ERROR:process_memory_win.cc(73)] ReadMemory at 0x7ffb6c980000 of 64 bytes failed: Запрос ReadProcessMemory или WriteProcessMemory был выполнен только частично. (0x12B)
[1103/014802.800:WARNING:pe_image_reader.cc(340)] could not read dos header from C:\WINDOWS\System32\WS2_32.dll
[1103/014802.800:ERROR:process_memory_win.cc(73)] ReadMemory at 0x7ffb6b580000 of 64 bytes failed: Запрос ReadProcessMemory или WriteProcessMemory был выполнен только частично. (0x12B)
[1103/014802.801:WARNING:pe_image_reader.cc(340)] could not read dos header from C:\WINDOWS\System32\WINTRUST.dll
[1103/014802.801:ERROR:process_memory_win.cc(73)] ReadMemory at 0x7ffb6ab90000 of 64 bytes failed: Запрос ReadProcessMemory или WriteProcessMemory был выполнен только частично. (0x12B)
[1103/014802.801:WARNING:pe_image_reader.cc(340)] could not read dos header from C:\WINDOWS\System32\MSASN1.dll
[1103/014802.801:ERROR:process_memory_win.cc(73)] ReadMemory at 0x7ffb6ba80000 of 64 bytes failed: Запрос ReadProcessMemory или WriteProcessMemory был выполнен только частично. (0x12B)
[1103/014802.801:WARNING:pe_image_reader.cc(340)] could not read dos header from C:\WINDOWS\System32\CRYPT32.dll
[1103/014802.801:ERROR:process_memory_win.cc(73)] ReadMemory at 0x7ffb6a070000 of 64 bytes failed: Запрос ReadProcessMemory или WriteProcessMemory был выполнен только частично. (0x12B)
[1103/014802.801:WARNING:pe_image_reader.cc(340)] could not read dos header from C:\WINDOWS\SYSTEM32\IPHLPAPI.DLL
[1103/014802.801:ERROR:process_memory_win.cc(73)] ReadMemory at 0x7ffb68800000 of 64 bytes failed: Запрос ReadProcessMemory или WriteProcessMemory был выполнен только частично. (0x12B)
[1103/014802.801:WARNING:pe_image_reader.cc(340)] could not read dos header from C:\WINDOWS\SYSTEM32\WINMM.dll
[1103/014802.801:ERROR:process_memory_win.cc(73)] ReadMemory at 0x7ffb6aa10000 of 64 bytes failed: Запрос ReadProcessMemory или WriteProcessMemory был выполнен только частично. (0x12B)
[1103/014802.801:WARNING:pe_image_reader.cc(340)] could not read dos header from C:\WINDOWS\SYSTEM32\USERENV.dll
[1103/014802.801:ERROR:process_memory_win.cc(73)] ReadMemory at 0x7ffb6ab20000 of 64 bytes failed: Запрос ReadProcessMemory или WriteProcessMemory был выполнен только частично. (0x12B)
[1103/014802.801:WARNING:pe_image_reader.cc(340)] could not read dos header from C:\WINDOWS\System32\profapi.dll
[1103/014802.801:ERROR:process_memory_win.cc(73)] ReadMemory at 0x7ffb5ac50000 of 64 bytes failed: Запрос ReadProcessMemory или WriteProcessMemory был выполнен только частично. (0x12B)
[1103/014802.801:WARNING:pe_image_reader.cc(340)] could not read dos header from C:\WINDOWS\SYSTEM32\DWrite.dll
[1103/014802.802:ERROR:process_memory_win.cc(73)] ReadMemory at 0x7ffb5f6d0000 of 64 bytes failed: Запрос ReadProcessMemory или WriteProcessMemory был выполнен только частично. (0x12B)
[1103/014802.802:WARNING:pe_image_reader.cc(340)] could not read dos header from C:\WINDOWS\SYSTEM32\WINSPOOL.DRV
[1103/014802.802:ERROR:process_memory_win.cc(73)] ReadMemory at 0x7ffb6ab00000 of 64 bytes failed: Запрос ReadProcessMemory или WriteProcessMemory был выполнен только частично. (0x12B)
[1103/014802.802:WARNING:pe_image_reader.cc(340)] could not read dos header from C:\WINDOWS\System32\kernel.appcore.dll
[1103/014802.802:ERROR:process_memory_win.cc(73)] ReadMemory at 0x7ffb6ac30000 of 64 bytes failed: Запрос ReadProcessMemory или WriteProcessMemory был выполнен только частично. (0x12B)
[1103/014802.802:WARNING:pe_image_reader.cc(340)] could not read dos header from C:\WINDOWS\System32\bcrypt.dll
[1103/014802.802:ERROR:process_memory_win.cc(73)] ReadMemory at 0x7ffb694f0000 of 64 bytes failed: Запрос ReadProcessMemory или WriteProcessMemory был выполнен только частично. (0x12B)
[1103/014802.802:WARNING:pe_image_reader.cc(340)] could not read dos header from C:\WINDOWS\SYSTEM32\dbghelp.dll
[1103/014802.802:ERROR:process_memory_win.cc(73)] ReadMemory at 0x7ffb556e0000 of 64 bytes failed: Запрос ReadProcessMemory или WriteProcessMemory был выполнен только частично. (0x12B)
[1103/014802.802:WARNING:pe_image_reader.cc(340)] could not read dos header from C:\WINDOWS\SYSTEM32\Secur32.dll
[1103/014802.802:ERROR:process_memory_win.cc(73)] ReadMemory at 0x7ffb645e0000 of 64 bytes failed: Запрос ReadProcessMemory или WriteProcessMemory был выполнен только частично. (0x12B)
[1103/014802.802:WARNING:pe_image_reader.cc(340)] could not read dos header from C:\WINDOWS\SYSTEM32\WINHTTP.dll
[1103/014802.802:ERROR:process_memory_win.cc(73)] ReadMemory at 0x7ffb62a10000 of 64 bytes failed: Запрос ReadProcessMemory или WriteProcessMemory был выполнен только частично. (0x12B)
[1103/014802.802:WARNING:pe_image_reader.cc(340)] could not read dos header from C:\WINDOWS\SYSTEM32\dhcpcsvc.DLL
[1103/014802.802:ERROR:process_memory_win.cc(73)] ReadMemory at 0x7ffb6d8c0000 of 64 bytes failed: Запрос ReadProcessMemory или WriteProcessMemory был выполнен только частично. (0x12B)
[1103/014802.802:WARNING:pe_image_reader.cc(340)] could not read dos header from C:\WINDOWS\System32\NSI.dll
[1103/014802.803:ERROR:process_memory_win.cc(73)] ReadMemory at 0x7ffb68380000 of 64 bytes failed: Запрос ReadProcessMemory или WriteProcessMemory был выполнен только частично. (0x12B)
[1103/014802.803:WARNING:pe_image_reader.cc(340)] could not read dos header from C:\WINDOWS\SYSTEM32\WINMMBASE.dll
[1103/014802.803:ERROR:process_memory_win.cc(73)] ReadMemory at 0x7ffb6abb0000 of 64 bytes failed: Запрос ReadProcessMemory или WriteProcessMemory был выполнен только частично. (0x12B)
[1103/014802.803:WARNING:pe_image_reader.cc(340)] could not read dos header from C:\WINDOWS\System32\cfgmgr32.dll
[1103/014802.803:ERROR:process_memory_win.cc(73)] ReadMemory at 0x7ffb67170000 of 64 bytes failed: Запрос ReadProcessMemory или WriteProcessMemory был выполнен только частично. (0x12B)
[1103/014802.803:WARNING:pe_image_reader.cc(340)] could not read dos header from C:\WINDOWS\SYSTEM32\PROPSYS.dll
[1103/014802.803:ERROR:process_memory_win.cc(73)] ReadMemory at 0x7ffb6bcd0000 of 64 bytes failed: Запрос ReadProcessMemory или WriteProcessMemory был выполнен только частично. (0x12B)
[1103/014802.803:WARNING:pe_image_reader.cc(340)] could not read dos header from C:\WINDOWS\System32\shcore.dll
[1103/014802.803:ERROR:process_memory_win.cc(73)] ReadMemory at 0x7ffb6a9e0000 of 64 bytes failed: Запрос ReadProcessMemory или WriteProcessMemory был выполнен только частично. (0x12B)
[1103/014802.803:WARNING:pe_image_reader.cc(340)] could not read dos header from C:\WINDOWS\SYSTEM32\SSPICLI.DLL
[1103/014802.803:ERROR:process_memory_win.cc(73)] ReadMemory at 0x7ffb6c030000 of 64 bytes failed: Запрос ReadProcessMemory или WriteProcessMemory был выполнен только частично. (0x12B)
[1103/014802.804:WARNING:pe_image_reader.cc(340)] could not read dos header from C:\WINDOWS\System32\SHELL32.dll
[1103/014802.804:ERROR:process_memory_win.cc(73)] ReadMemory at 0x7ffb6ae00000 of 64 bytes failed: Запрос ReadProcessMemory или WriteProcessMemory был выполнен только частично. (0x12B)
[1103/014802.804:WARNING:pe_image_reader.cc(340)] could not read dos header from C:\WINDOWS\System32\windows.storage.dll
[1103/014802.804:ERROR:process_memory_win.cc(73)] ReadMemory at 0x7ffb6ab40000 of 64 bytes failed: Запрос ReadProcessMemory или WriteProcessMemory был выполнен только частично. (0x12B)
[1103/014802.804:WARNING:pe_image_reader.cc(340)] could not read dos header from C:\WINDOWS\System32\powrprof.dll
[1103/014802.804:ERROR:process_memory_win.cc(73)] ReadMemory at 0x7ffb6aaf0000 of 64 bytes failed: Запрос ReadProcessMemory или WriteProcessMemory был выполнен только частично. (0x12B)
[1103/014802.804:WARNING:pe_image_reader.cc(340)] could not read dos header from C:\WINDOWS\System32\UMPDC.dll
[1103/014802.804:ERROR:process_memory_win.cc(73)] ReadMemory at 0x7ffb6db80000 of 64 bytes failed: Запрос ReadProcessMemory или WriteProcessMemory был выполнен только частично. (0x12B)
[1103/014802.804:WARNING:pe_image_reader.cc(340)] could not read dos header from C:\WINDOWS\System32\shlwapi.dll
[1103/014802.804:ERROR:process_memory_win.cc(73)] ReadMemory at 0x7ffb6bea0000 of 64 bytes failed: Запрос ReadProcessMemory или WriteProcessMemory был выполнен только частично. (0x12B)
[1103/014802.804:WARNING:pe_image_reader.cc(340)] could not read dos header from C:\WINDOWS\System32\GDI32.dll
[1103/014802.804:ERROR:process_memory_win.cc(73)] ReadMemory at 0x7ffb6ac00000 of 64 bytes failed: Запрос ReadProcessMemory или WriteProcessMemory был выполнен только частично. (0x12B)
[1103/014802.804:WARNING:pe_image_reader.cc(340)] could not read dos header from C:\WINDOWS\System32\win32u.dll
[1103/014802.804:ERROR:process_memory_win.cc(73)] ReadMemory at 0x7ffb6ac60000 of 64 bytes failed: Запрос ReadProcessMemory или WriteProcessMemory был выполнен только частично. (0x12B)
[1103/014802.804:WARNING:pe_image_reader.cc(340)] could not read dos header from C:\WINDOWS\System32\gdi32full.dll
[1103/014802.805:ERROR:process_memory_win.cc(73)] ReadMemory at 0x7ffb6d640000 of 64 bytes failed: Запрос ReadProcessMemory или WriteProcessMemory был выполнен только частично. (0x12B)
[1103/014802.805:WARNING:pe_image_reader.cc(340)] could not read dos header from C:\WINDOWS\System32\USER32.dll
[1103/014802.805:ERROR:process_memory_win.cc(73)] ReadMemory at 0x7ffb6b730000 of 64 bytes failed: Запрос ReadProcessMemory или WriteProcessMemory был выполнен только частично. (0x12B)
[1103/014802.805:WARNING:pe_image_reader.cc(340)] could not read dos header from C:\WINDOWS\System32\cryptsp.dll
[1103/014802.805:ERROR:process_memory_win.cc(73)] ReadMemory at 0x7ffb6c9f0000 of 64 bytes failed: Запрос ReadProcessMemory или WriteProcessMemory был выполнен только частично. (0x12B)
[1103/014802.805:WARNING:pe_image_reader.cc(340)] could not read dos header from C:\WINDOWS\System32\IMM32.DLL
[1103/014802.805:ERROR:process_memory_win.cc(73)] ReadMemory at 0x7ffb6a530000 of 64 bytes failed: Запрос ReadProcessMemory или WriteProcessMemory был выполнен только частично. (0x12B)
[1103/014802.805:WARNING:pe_image_reader.cc(340)] could not read dos header from C:\WINDOWS\SYSTEM32\CRYPTBASE.DLL
[1103/014802.818:ERROR:process_memory_win.cc(73)] ReadMemory at 0x7bff3f9000 of 28672 bytes failed: Запрос ReadProcessMemory или WriteProcessMemory был выполнен только частично. (0x12B)
[1103/014802.819:ERROR:process_memory_win.cc(73)] ReadMemory at 0x7bffbfd000 of 12288 bytes failed: Запрос ReadProcessMemory или WriteProcessMemory был выполнен только частично. (0x12B)
[1103/014802.819:ERROR:process_memory_win.cc(73)] ReadMemory at 0x7b807fd000 of 12288 bytes failed: Запрос ReadProcessMemory или WriteProcessMemory был выполнен только частично. (0x12B)
[1103/014802.819:ERROR:process_memory_win.cc(73)] ReadMemory at 0x7b80ffd000 of 12288 bytes failed: Запрос ReadProcessMemory или WriteProcessMemory был выполнен только частично. (0x12B)
[1103/014802.819:ERROR:process_memory_win.cc(73)] ReadMemory at 0x7b817fc000 of 16384 bytes failed: Запрос ReadProcessMemory или WriteProcessMemory был выполнен только частично. (0x12B)
[1103/014802.820:ERROR:process_memory_win.cc(73)] ReadMemory at 0x7b81ffe000 of 8192 bytes failed: Запрос ReadProcessMemory или WriteProcessMemory был выполнен только частично. (0x12B)
[1103/014802.820:ERROR:process_memory_win.cc(73)] ReadMemory at 0x7b827fd000 of 12288 bytes failed: Запрос ReadProcessMemory или WriteProcessMemory был выполнен только частично. (0x12B)
[1103/014802.820:ERROR:process_memory_win.cc(73)] ReadMemory at 0x7b82ffd000 of 12288 bytes failed: Запрос ReadProcessMemory или WriteProcessMemory был выполнен только частично. (0x12B)
[1103/014802.820:ERROR:process_memory_win.cc(73)] ReadMemory at 0x7b837fd000 of 12288 bytes failed: Запрос ReadProcessMemory или WriteProcessMemory был выполнен только частично. (0x12B)
[1103/014802.821:ERROR:process_memory_win.cc(73)] ReadMemory at 0x7b83ffd000 of 12288 bytes failed: Запрос ReadProcessMemory или WriteProcessMemory был выполнен только частично. (0x12B)
[1103/014802.821:ERROR:process_memory_win.cc(73)] ReadMemory at 0x7b847fd000 of 12288 bytes failed: Запрос ReadProcessMemory или WriteProcessMemory был выполнен только частично. (0x12B)
[1103/014802.821:ERROR:process_memory_win.cc(73)] ReadMemory at 0x7b84ffd000 of 12288 bytes failed: Запрос ReadProcessMemory или WriteProcessMemory был выполнен только частично. (0x12B)
[1103/014802.821:ERROR:process_memory_win.cc(73)] ReadMemory at 0x7b857fd000 of 12288 bytes failed: Запрос ReadProcessMemory или WriteProcessMemory был выполнен только частично. (0x12B)
[1103/014802.822:ERROR:process_memory_win.cc(73)] ReadMemory at 0x7b85ffd000 of 12288 bytes failed: Запрос ReadProcessMemory или WriteProcessMemory был выполнен только частично. (0x12B)
[1103/014802.822:ERROR:process_memory_win.cc(73)] ReadMemory at 0x7bfead5000 of 852 bytes failed: Запрос ReadProcessMemory или WriteProcessMemory был выполнен только частично. (0x12B)
[1103/014802.822:ERROR:process_memory_win.cc(73)] ReadMemory at 0x7bfead6000 of 6024 bytes failed: Запрос ReadProcessMemory или WriteProcessMemory был выполнен только частично. (0x12B)
[1103/014802.822:ERROR:process_memory_win.cc(73)] ReadMemory at 0x7bfead8000 of 6024 bytes failed: Запрос ReadProcessMemory или WriteProcessMemory был выполнен только частично. (0x12B)
[1103/014802.822:ERROR:process_memory_win.cc(73)] ReadMemory at 0x7bfeada000 of 6024 bytes failed: Запрос ReadProcessMemory или WriteProcessMemory был выполнен только частично. (0x12B)
[1103/014802.823:ERROR:process_memory_win.cc(73)] ReadMemory at 0x7bfeadc000 of 6024 bytes failed: Запрос ReadProcessMemory или WriteProcessMemory был выполнен только частично. (0x12B)
[1103/014802.823:ERROR:process_memory_win.cc(73)] ReadMemory at 0x7bfeade000 of 6024 bytes failed: Запрос ReadProcessMemory или WriteProcessMemory был выполнен только частично. (0x12B)
[1103/014802.823:ERROR:process_memory_win.cc(73)] ReadMemory at 0x7bfeae0000 of 6024 bytes failed: Запрос ReadProcessMemory или WriteProcessMemory был выполнен только частично. (0x12B)
[1103/014802.824:ERROR:process_memory_win.cc(73)] ReadMemory at 0x7bfeae2000 of 6024 bytes failed: Запрос ReadProcessMemory или WriteProcessMemory был выполнен только частично. (0x12B)
[1103/014802.824:ERROR:process_memory_win.cc(73)] ReadMemory at 0x7bfeae4000 of 6024 bytes failed: Запрос ReadProcessMemory или WriteProcessMemory был выполнен только частично. (0x12B)
[1103/014802.824:ERROR:process_memory_win.cc(73)] ReadMemory at 0x7bfeae6000 of 6024 bytes failed: Запрос ReadProcessMemory или WriteProcessMemory был выполнен только частично. (0x12B)
[1103/014802.824:ERROR:process_memory_win.cc(73)] ReadMemory at 0x7bfeae8000 of 6024 bytes failed: Запрос ReadProcessMemory или WriteProcessMemory был выполнен только частично. (0x12B)
[1103/014802.824:ERROR:process_memory_win.cc(73)] ReadMemory at 0x7bfeaea000 of 6024 bytes failed: Запрос ReadProcessMemory или WriteProcessMemory был выполнен только частично. (0x12B)
[1103/014802.825:ERROR:process_memory_win.cc(73)] ReadMemory at 0x7bfeaec000 of 6024 bytes failed: Запрос ReadProcessMemory или WriteProcessMemory был выполнен только частично. (0x12B)
[1103/014802.825:ERROR:process_memory_win.cc(73)] ReadMemory at 0x7bfeaee000 of 6024 bytes failed: Запрос ReadProcessMemory или WriteProcessMemory был выполнен только частично. (0x12B)
[1103/014802.825:ERROR:process_memory_win.cc(73)] ReadMemory at 0x7bfeaf0000 of 6024 bytes failed: Запрос ReadProcessMemory или WriteProcessMemory был выполнен только частично. (0x12B)
[1103/014802.825:ERROR:process_memory_win.cc(73)] ReadMemory at 0x1f248850fe0 of 8246 bytes failed: Запрос ReadProcessMemory или WriteProcessMemory был выполнен только частично. (0x12B)
[1103/014802.832:ERROR:process_memory_win.cc(73)] ReadMemory at 0x1f248853020 of 1012 bytes failed: Запрос ReadProcessMemory или WriteProcessMemory был выполнен только частично. (0x12B)
[1103/014802.832:ERROR:process_memory_win.cc(73)] ReadMemory at 0x1f248853668 of 118 bytes failed: Запрос ReadProcessMemory или WriteProcessMemory был выполнен только частично. (0x12B)
[1103/014802.833:ERROR:process_memory_win.cc(73)] ReadMemory at 0x1f2488536e0 of 1302 bytes failed: Запрос ReadProcessMemory или WriteProcessMemory был выполнен только частично. (0x12B)
[1103/014802.833:ERROR:process_memory_win.cc(73)] ReadMemory at 0x1f248853bf8 of 118 bytes failed: Запрос ReadProcessMemory или WriteProcessMemory был выполнен только частично. (0x12B)
[1103/014802.833:ERROR:process_memory_win.cc(73)] ReadMemory at 0x1f248853c70 of 96 bytes failed: Запрос ReadProcessMemory или WriteProcessMemory был выполнен только частично. (0x12B)
[1103/014802.833:ERROR:process_memory_win.cc(73)] ReadMemory at 0x1f248853ce0 of 58 bytes failed: Запрос ReadProcessMemory или WriteProcessMemory был выполнен только частично. (0x12B)
[1103/014802.833:ERROR:process_memory_win.cc(73)] ReadMemory at 0x1f248853de0 of 132 bytes failed: Запрос ReadProcessMemory или WriteProcessMemory был выполнен только частично. (0x12B)
[1103/014802.833:ERROR:process_memory_win.cc(73)] ReadMemory at 0x1f248853f70 of 132 bytes failed: Запрос ReadProcessMemory или WriteProcessMemory был выполнен только частично. (0x12B)
[1103/014802.834:ERROR:process_memory_win.cc(73)] ReadMemory at 0x1f248854130 of 124 bytes failed: Запрос ReadProcessMemory или WriteProcessMemory был выполнен только частично. (0x12B)
[1103/014802.834:ERROR:process_memory_win.cc(73)] ReadMemory at 0x1f248854510 of 132 bytes failed: Запрос ReadProcessMemory или WriteProcessMemory был выполнен только частично. (0x12B)
[1103/014802.834:ERROR:process_memory_win.cc(73)] ReadMemory at 0x1f2488546a0 of 64 bytes failed: Запрос ReadProcessMemory или WriteProcessMemory был выполнен только частично. (0x12B)
[1103/014802.834:ERROR:process_memory_win.cc(73)] ReadMemory at 0x1f2488546f0 of 132 bytes failed: Запрос ReadProcessMemory или WriteProcessMemory был выполнен только частично. (0x12B)
[1103/014802.835:ERROR:process_memory_win.cc(73)] ReadMemory at 0x1f248854b00 of 132 bytes failed: Запрос ReadProcessMemory или WriteProcessMemory был выполнен только частично. (0x12B)
[1103/014802.836:ERROR:process_memory_win.cc(73)] ReadMemory at 0x1f248854c90 of 68 bytes failed: Запрос ReadProcessMemory или WriteProcessMemory был выполнен только частично. (0x12B)
[1103/014802.837:ERROR:process_memory_win.cc(73)] ReadMemory at 0x1f248855d90 of 132 bytes failed: Запрос ReadProcessMemory или WriteProcessMemory был выполнен только частично. (0x12B)
[1103/014802.837:ERROR:process_memory_win.cc(73)] ReadMemory at 0x1f248855f00 of 132 bytes failed: Запрос ReadProcessMemory или WriteProcessMemory был выполнен только частично. (0x12B)
[1103/014802.838:ERROR:process_memory_win.cc(73)] ReadMemory at 0x1f248856030 of 152 bytes failed: Запрос ReadProcessMemory или WriteProcessMemory был выполнен только частично. (0x12B)
[1103/014802.839:ERROR:process_memory_win.cc(73)] ReadMemory at 0x1f248856f70 of 132 bytes failed: Запрос ReadProcessMemory или WriteProcessMemory был выполнен только частично. (0x12B)
[1103/014802.839:ERROR:process_memory_win.cc(73)] ReadMemory at 0x1f24885710a of 512 bytes failed: Запрос ReadProcessMemory или WriteProcessMemory был выполнен только частично. (0x12B)
[1103/014802.839:ERROR:process_memory_win.cc(73)] ReadMemory at 0x1f248857eb0 of 60 bytes failed: Запрос ReadProcessMemory или WriteProcessMemory был выполнен только частично. (0x12B)
[1103/014802.839:ERROR:process_memory_win.cc(73)] ReadMemory at 0x1f248857f00 of 62 bytes failed: Запрос ReadProcessMemory или WriteProcessMemory был выполнен только частично. (0x12B)
[1103/014802.839:ERROR:process_memory_win.cc(73)] ReadMemory at 0x1f248858110 of 132 bytes failed: Запрос ReadProcessMemory или WriteProcessMemory был выполнен только частично. (0x12B)
[1103/014802.839:ERROR:process_memory_win.cc(73)] ReadMemory at 0x1f248858240 of 132 bytes failed: Запрос ReadProcessMemory или WriteProcessMemory был выполнен только частично. (0x12B)
[1103/014802.840:ERROR:process_memory_win.cc(73)] ReadMemory at 0x1f248858370 of 132 bytes failed: Запрос ReadProcessMemory или WriteProcessMemory был выполнен только частично. (0x12B)
[1103/014802.840:ERROR:process_memory_win.cc(73)] ReadMemory at 0x1f248858720 of 132 bytes failed: Запрос ReadProcessMemory или WriteProcessMemory был выполнен только частично. (0x12B)
[1103/014802.840:ERROR:process_memory_win.cc(73)] ReadMemory at 0x1f24885b080 of 132 bytes failed: Запрос ReadProcessMemory или WriteProcessMemory был выполнен только частично. (0x12B)
[1103/014802.840:ERROR:process_memory_win.cc(73)] ReadMemory at 0x1f24885b1b0 of 132 bytes failed: Запрос ReadProcessMemory или WriteProcessMemory был выполнен только частично. (0x12B)
[1103/014802.841:ERROR:process_memory_win.cc(73)] ReadMemory at 0x1f24885b340 of 80 bytes failed: Запрос ReadProcessMemory или WriteProcessMemory был выполнен только частично. (0x12B)
[1103/014802.841:ERROR:process_memory_win.cc(73)] ReadMemory at 0x1f24885b4e0 of 64 bytes failed: Запрос ReadProcessMemory или WriteProcessMemory был выполнен только частично. (0x12B)
[1103/014802.841:ERROR:process_memory_win.cc(73)] ReadMemory at 0x1f24885b530 of 64 bytes failed: Запрос ReadProcessMemory или WriteProcessMemory был выполнен только частично. (0x12B)
[1103/014802.841:ERROR:process_memory_win.cc(73)] ReadMemory at 0x1f24885b580 of 60 bytes failed: Запрос ReadProcessMemory или WriteProcessMemory был выполнен только частично. (0x12B)
[1103/014802.842:ERROR:process_memory_win.cc(73)] ReadMemory at 0x1f24885b6c0 of 62 bytes failed: Запрос ReadProcessMemory или WriteProcessMemory был выполнен только частично. (0x12B)
[1103/014802.843:ERROR:process_memory_win.cc(73)] ReadMemory at 0x1f24885b850 of 64 bytes failed: Запрос ReadProcessMemory или WriteProcessMemory был выполнен только частично. (0x12B)
[1103/014802.843:ERROR:process_memory_win.cc(73)] ReadMemory at 0x1f24885b8a0 of 60 bytes failed: Запрос ReadProcessMemory или WriteProcessMemory был выполнен только частично. (0x12B)
[1103/014802.843:ERROR:process_memory_win.cc(73)] ReadMemory at 0x1f24885b9e0 of 66 bytes failed: Запрос ReadProcessMemory или WriteProcessMemory был выполнен только частично. (0x12B)
[1103/014802.843:ERROR:process_memory_win.cc(73)] ReadMemory at 0x1f24885bad0 of 64 bytes failed: Запрос ReadProcessMemory или WriteProcessMemory был выполнен только частично. (0x12B)
[1103/014802.843:ERROR:process_memory_win.cc(73)] ReadMemory at 0x1f24885bbc0 of 62 bytes failed: Запрос ReadProcessMemory или WriteProcessMemory был выполнен только частично. (0x12B)
[1103/014802.843:ERROR:process_memory_win.cc(73)] ReadMemory at 0x1f24885e220 of 132 bytes failed: Запрос ReadProcessMemory или WriteProcessMemory был выполнен только частично. (0x12B)
[1103/014802.844:ERROR:process_memory_win.cc(73)] ReadMemory at 0x1f24885e350 of 156 bytes failed: Запрос ReadProcessMemory или WriteProcessMemory был выполнен только частично. (0x12B)
[1103/014802.844:ERROR:process_memory_win.cc(73)] ReadMemory at 0x1f24885eeb0 of 54 bytes failed: Запрос ReadProcessMemory или WriteProcessMemory был выполнен только частично. (0x12B)
[1103/014802.844:ERROR:process_memory_win.cc(73)] ReadMemory at 0x1f24885fa50 of 132 bytes failed: Запрос ReadProcessMemory или WriteProcessMemory был выполнен только частично. (0x12B)
[1103/014802.844:ERROR:process_memory_win.cc(73)] ReadMemory at 0x1f248861e40 of 132 bytes failed: Запрос ReadProcessMemory или WriteProcessMemory был выполнен только частично. (0x12B)
[1103/014802.844:ERROR:process_memory_win.cc(73)] ReadMemory at 0x1f2488652f0 of 132 bytes failed: Запрос ReadProcessMemory или WriteProcessMemory был выполнен только частично. (0x12B)
[1103/014802.845:ERROR:process_memory_win.cc(73)] ReadMemory at 0x1f248865420 of 132 bytes failed: Запрос ReadProcessMemory или WriteProcessMemory был выполнен только частично. (0x12B)
[1103/014802.845:ERROR:process_memory_win.cc(73)] ReadMemory at 0x1f248865550 of 132 bytes failed: Запрос ReadProcessMemory или WriteProcessMemory был выполнен только частично. (0x12B)
[1103/014802.845:ERROR:process_memory_win.cc(73)] ReadMemory at 0x1f2488657b0 of 132 bytes failed: Запрос ReadProcessMemory или WriteProcessMemory был выполнен только частично. (0x12B)
[1103/014802.845:ERROR:process_memory_win.cc(73)] ReadMemory at 0x1f2488658e0 of 132 bytes failed: Запрос ReadProcessMemory или WriteProcessMemory был выполнен только частично. (0x12B)
[1103/014802.845:ERROR:process_memory_win.cc(73)] ReadMemory at 0x1f248865a10 of 132 bytes failed: Запрос ReadProcessMemory или WriteProcessMemory был выполнен только частично. (0x12B)
[1103/014802.845:ERROR:process_memory_win.cc(73)] ReadMemory at 0x1f248865b40 of 132 bytes failed: Запрос ReadProcessMemory или WriteProcessMemory был выполнен только частично. (0x12B)
[1103/014802.845:ERROR:process_memory_win.cc(73)] ReadMemory at 0x1f248865c70 of 132 bytes failed: Запрос ReadProcessMemory или WriteProcessMemory был выполнен только частично. (0x12B)
[1103/014802.845:ERROR:process_memory_win.cc(73)] ReadMemory at 0x1f248865da0 of 132 bytes failed: Запрос ReadProcessMemory или WriteProcessMemory был выполнен только частично. (0x12B)
[1103/014802.846:ERROR:process_memory_win.cc(73)] ReadMemory at 0x1f248865ed0 of 132 bytes failed: Запрос ReadProcessMemory или WriteProcessMemory был выполнен только частично. (0x12B)
[1103/014802.846:ERROR:process_memory_win.cc(73)] ReadMemory at 0x1f248866000 of 132 bytes failed: Запрос ReadProcessMemory или WriteProcessMemory был выполнен только частично. (0x12B)
[1103/014802.846:ERROR:process_memory_win.cc(73)] ReadMemory at 0x1f248866130 of 132 bytes failed: Запрос ReadProcessMemory или WriteProcessMemory был выполнен только частично. (0x12B)
[1103/014802.846:ERROR:process_memory_win.cc(73)] ReadMemory at 0x1f2488665f0 of 78 bytes failed: Запрос ReadProcessMemory или WriteProcessMemory был выполнен только частично. (0x12B)
[1103/014802.846:ERROR:process_memory_win.cc(73)] ReadMemory at 0x1f248866b30 of 76 bytes failed: Запрос ReadProcessMemory или WriteProcessMemory был выполнен только частично. (0x12B)
[1103/014802.849:ERROR:process_memory_win.cc(73)] ReadMemory at 0x1f2488674e0 of 62 bytes failed: Запрос ReadProcessMemory или WriteProcessMemory был выполнен только частично. (0x12B)
[1103/014802.849:ERROR:process_memory_win.cc(73)] ReadMemory at 0x1f248867530 of 62 bytes failed: Запрос ReadProcessMemory или WriteProcessMemory был выполнен только частично. (0x12B)
[1103/014802.849:ERROR:process_memory_win.cc(73)] ReadMemory at 0x1f248867580 of 62 bytes failed: Запрос ReadProcessMemory или WriteProcessMemory был выполнен только частично. (0x12B)
[1103/014802.849:ERROR:process_memory_win.cc(73)] ReadMemory at 0x1f248867850 of 62 bytes failed: Запрос ReadProcessMemory или WriteProcessMemory был выполнен только частично. (0x12B)
[1103/014802.849:ERROR:process_memory_win.cc(73)] ReadMemory at 0x1f248867a30 of 60 bytes failed: Запрос ReadProcessMemory или WriteProcessMemory был выполнен только частично. (0x12B)
[1103/014802.849:ERROR:process_memory_win.cc(73)] ReadMemory at 0x1f248867a80 of 66 bytes failed: Запрос ReadProcessMemory или WriteProcessMemory был выполнен только частично. (0x12B)
[1103/014802.849:ERROR:process_memory_win.cc(73)] ReadMemory at 0x1f248867ad0 of 62 bytes failed: Запрос ReadProcessMemory или WriteProcessMemory был выполнен только частично. (0x12B)
[1103/014802.850:ERROR:process_memory_win.cc(73)] ReadMemory at 0x1f248867c10 of 64 bytes failed: Запрос ReadProcessMemory или WriteProcessMemory был выполнен только частично. (0x12B)
[1103/014802.850:ERROR:process_memory_win.cc(73)] ReadMemory at 0x1f248867cb0 of 64 bytes failed: Запрос ReadProcessMemory или WriteProcessMemory был выполнен только частично. (0x12B)
[1103/014802.850:ERROR:process_memory_win.cc(73)] ReadMemory at 0x1f248867d50 of 62 bytes failed: Запрос ReadProcessMemory или WriteProcessMemory был выполнен только частично. (0x12B)
[1103/014802.850:ERROR:process_memory_win.cc(73)] ReadMemory at 0x1f248867df0 of 62 bytes failed: Запрос ReadProcessMemory или WriteProcessMemory был выполнен только частично. (0x12B)
[1103/014802.850:ERROR:process_memory_win.cc(73)] ReadMemory at 0x1f248867f30 of 60 bytes failed: Запрос ReadProcessMemory или WriteProcessMemory был выполнен только частично. (0x12B)
[1103/014802.850:ERROR:process_memory_win.cc(73)] ReadMemory at 0x1f248867f80 of 60 bytes failed: Запрос ReadProcessMemory или WriteProcessMemory был выполнен только частично. (0x12B)
[1103/014802.853:ERROR:process_memory_win.cc(73)] ReadMemory at 0x1f248868020 of 58 bytes failed: Запрос ReadProcessMemory или WriteProcessMemory был выполнен только частично. (0x12B)
[1103/014802.853:ERROR:process_memory_win.cc(73)] ReadMemory at 0x1f248868110 of 62 bytes failed: Запрос ReadProcessMemory или WriteProcessMemory был выполнен только частично. (0x12B)
[1103/014802.853:ERROR:process_memory_win.cc(73)] ReadMemory at 0x1f2488681b0 of 64 bytes failed: Запрос ReadProcessMemory или WriteProcessMemory был выполнен только частично. (0x12B)
[1103/014802.853:ERROR:process_memory_win.cc(73)] ReadMemory at 0x1f2488682f0 of 60 bytes failed: Запрос ReadProcessMemory или WriteProcessMemory был выполнен только частично. (0x12B)
[1103/014802.853:ERROR:process_memory_win.cc(73)] ReadMemory at 0x1f248868340 of 62 bytes failed: Запрос ReadProcessMemory или WriteProcessMemory был выполнен только частично. (0x12B)
[1103/014802.853:ERROR:process_memory_win.cc(73)] ReadMemory at 0x1f248868390 of 64 bytes failed: Запрос ReadProcessMemory или WriteProcessMemory был выполнен только частично. (0x12B)
[1103/014802.854:ERROR:process_memory_win.cc(73)] ReadMemory at 0x1f248869fc0 of 132 bytes failed: Запрос ReadProcessMemory или WriteProcessMemory был выполнен только частично. (0x12B)
[1103/014802.854:ERROR:process_memory_win.cc(73)] ReadMemory at 0x1f24886a0f0 of 132 bytes failed: Запрос ReadProcessMemory или WriteProcessMemory был выполнен только частично. (0x12B)
[1103/014802.854:ERROR:process_memory_win.cc(73)] ReadMemory at 0x1f24886a5b0 of 132 bytes failed: Запрос ReadProcessMemory или WriteProcessMemory был выполнен только частично. (0x12B)
[1103/014802.854:ERROR:process_memory_win.cc(73)] ReadMemory at 0x1f24886a940 of 132 bytes failed: Запрос ReadProcessMemory или WriteProcessMemory был выполнен только частично. (0x12B)
[1103/014802.854:ERROR:process_memory_win.cc(73)] ReadMemory at 0x1f24886aa70 of 132 bytes failed: Запрос ReadProcessMemory или WriteProcessMemory был выполнен только частично. (0x12B)
[1103/014802.854:ERROR:process_memory_win.cc(73)] ReadMemory at 0x1f24886aba0 of 132 bytes failed: Запрос ReadProcessMemory или WriteProcessMemory был выполнен только частично. (0x12B)
[1103/014802.854:ERROR:process_memory_win.cc(73)] ReadMemory at 0x1f24886acd0 of 132 bytes failed: Запрос ReadProcessMemory или WriteProcessMemory был выполнен только частично. (0x12B)
[1103/014802.854:ERROR:process_memory_win.cc(73)] ReadMemory at 0x1f24886ae00 of 132 bytes failed: Запрос ReadProcessMemory или WriteProcessMemory был выполнен только частично. (0x12B)
[1103/014802.855:ERROR:process_memory_win.cc(73)] ReadMemory at 0x1f24886af30 of 132 bytes failed: Запрос ReadProcessMemory или WriteProcessMemory был выполнен только частично. (0x12B)
[1103/014802.855:ERROR:process_memory_win.cc(73)] ReadMemory at 0x1f24886b060 of 132 bytes failed: Запрос ReadProcessMemory или WriteProcessMemory был выполнен только частично. (0x12B)
[1103/014802.855:ERROR:process_memory_win.cc(73)] ReadMemory at 0x1f24886b190 of 132 bytes failed: Запрос ReadProcessMemory или WriteProcessMemory был выполнен только частично. (0x12B)
[1103/014802.856:ERROR:process_memory_win.cc(73)] ReadMemory at 0x1f24886b2c0 of 132 bytes failed: Запрос ReadProcessMemory или WriteProcessMemory был выполнен только частично. (0x12B)
[1103/014802.856:ERROR:process_memory_win.cc(73)] ReadMemory at 0x1f24886b3f0 of 132 bytes failed: Запрос ReadProcessMemory или WriteProcessMemory был выполнен только частично. (0x12B)
[1103/014802.856:ERROR:process_memory_win.cc(73)] ReadMemory at 0x1f24886b520 of 132 bytes failed: Запрос ReadProcessMemory или WriteProcessMemory был выполнен только частично. (0x12B)
[1103/014802.856:ERROR:process_memory_win.cc(73)] ReadMemory at 0x1f24886b650 of 132 bytes failed: Запрос ReadProcessMemory или WriteProcessMemory был выполнен только частично. (0x12B)
[1103/014802.856:ERROR:process_memory_win.cc(73)] ReadMemory at 0x1f24886b780 of 132 bytes failed: Запрос ReadProcessMemory или WriteProcessMemory был выполнен только частично. (0x12B)
[1103/014802.856:ERROR:process_memory_win.cc(73)] ReadMemory at 0x1f24886b8b0 of 132 bytes failed: Запрос ReadProcessMemory или WriteProcessMemory был выполнен только частично. (0x12B)
[1103/014802.856:ERROR:process_memory_win.cc(73)] ReadMemory at 0x1f24886bb10 of 132 bytes failed: Запрос ReadProcessMemory или WriteProcessMemory был выполнен только частично. (0x12B)
[1103/014802.856:ERROR:process_memory_win.cc(73)] ReadMemory at 0x1f24886bc40 of 132 bytes failed: Запрос ReadProcessMemory или WriteProcessMemory был выполнен только частично. (0x12B)
[1103/014802.856:ERROR:process_memory_win.cc(73)] ReadMemory at 0x1f24886bd70 of 132 bytes failed: Запрос ReadProcessMemory или WriteProcessMemory был выполнен только частично. (0x12B)
[1103/014802.856:ERROR:process_memory_win.cc(73)] ReadMemory at 0x1f24887add0 of 60 bytes failed: Запрос ReadProcessMemory или WriteProcessMemory был выполнен только частично. (0x12B)
[1103/014802.857:ERROR:process_memory_win.cc(73)] ReadMemory at 0x1f24887aec0 of 60 bytes failed: Запрос ReadProcessMemory или WriteProcessMemory был выполнен только частично. (0x12B)
[1103/014802.857:ERROR:process_memory_win.cc(73)] ReadMemory at 0x1f24887b0a0 of 62 bytes failed: Запрос ReadProcessMemory или WriteProcessMemory был выполнен только частично. (0x12B)
[1103/014802.857:ERROR:process_memory_win.cc(73)] ReadMemory at 0x1f24887b280 of 64 bytes failed: Запрос ReadProcessMemory или WriteProcessMemory был выполнен только частично. (0x12B)
[1103/014802.858:ERROR:process_memory_win.cc(73)] ReadMemory at 0x1f24887b500 of 58 bytes failed: Запрос ReadProcessMemory или WriteProcessMemory был выполнен только частично. (0x12B)
[1103/014802.858:ERROR:process_memory_win.cc(73)] ReadMemory at 0x1f24887b910 of 58 bytes failed: Запрос ReadProcessMemory или WriteProcessMemory был выполнен только частично. (0x12B)
[1103/014802.858:ERROR:process_memory_win.cc(73)] ReadMemory at 0x1f24887b960 of 62 bytes failed: Запрос ReadProcessMemory или WriteProcessMemory был выполнен только частично. (0x12B)
[1103/014802.859:ERROR:process_memory_win.cc(73)] ReadMemory at 0x1f24887ba00 of 66 bytes failed: Запрос ReadProcessMemory или WriteProcessMemory был выполнен только частично. (0x12B)
[1103/014802.859:ERROR:process_memory_win.cc(73)] ReadMemory at 0x1f24887ba50 of 58 bytes failed: Запрос ReadProcessMemory или WriteProcessMemory был выполнен только частично. (0x12B)
[1103/014802.859:ERROR:process_memory_win.cc(73)] ReadMemory at 0x1f248885530 of 512 bytes failed: Запрос ReadProcessMemory или WriteProcessMemory был выполнен только частично. (0x12B)
[1103/014802.859:ERROR:process_memory_win.cc(73)] ReadMemory at 0x1f248886360 of 512 bytes failed: Запрос ReadProcessMemory или WriteProcessMemory был выполнен только частично. (0x12B)
[1103/014802.859:ERROR:process_memory_win.cc(73)] ReadMemory at 0x1f248cbf660 of 512 bytes failed: Запрос ReadProcessMemory или WriteProcessMemory был выполнен только частично. (0x12B)
[1103/014802.859:ERROR:process_memory_win.cc(73)] ReadMemory at 0x1f248cc40f0 of 512 bytes failed: Запрос ReadProcessMemory или WriteProcessMemory был выполнен только частично. (0x12B)
[1103/014802.859:ERROR:process_memory_win.cc(73)] ReadMemory at 0x1f248cc68a0 of 512 bytes failed: Запрос ReadProcessMemory или WriteProcessMemory был выполнен только частично. (0x12B)
[1103/014802.860:ERROR:process_memory_win.cc(73)] ReadMemory at 0x1f248cc9050 of 512 bytes failed: Запрос ReadProcessMemory или WriteProcessMemory был выполнен только частично. (0x12B)
[1103/014802.860:ERROR:process_memory_win.cc(73)] ReadMemory at 0x1f248cef660 of 712 bytes failed: Запрос ReadProcessMemory или WriteProcessMemory был выполнен только частично. (0x12B)
[1103/014802.860:ERROR:process_memory_win.cc(73)] ReadMemory at 0x1f248cf85b8 of 512 bytes failed: Запрос ReadProcessMemory или WriteProcessMemory был выполнен только частично. (0x12B)
[1103/014802.860:ERROR:process_memory_win.cc(73)] ReadMemory at 0x1f248cf8d08 of 512 bytes failed: Запрос ReadProcessMemory или WriteProcessMemory был выполнен только частично. (0x12B)
[1103/014802.860:ERROR:process_memory_win.cc(73)] ReadMemory at 0x1f248cf9608 of 1232 bytes failed: Запрос ReadProcessMemory или WriteProcessMemory был выполнен только частично. (0x12B)
[1103/014802.860:ERROR:process_memory_win.cc(73)] ReadMemory at 0x1f24ada2f20 of 512 bytes failed: Запрос ReadProcessMemory или WriteProcessMemory был выполнен только частично. (0x12B)
[1103/014802.860:ERROR:process_memory_win.cc(73)] ReadMemory at 0x38d949617f98 of 512 bytes failed: Запрос ReadProcessMemory или WriteProcessMemory был выполнен только частично. (0x12B)
[1103/014802.861:ERROR:process_memory_win.cc(73)] ReadMemory at 0x7ffb28e5a2e0 of 512 bytes failed: Запрос ReadProcessMemory или WriteProcessMemory был выполнен только частично. (0x12B)
[1103/014802.861:ERROR:process_memory_win.cc(73)] ReadMemory at 0x7ffb2a80c16c of 512 bytes failed: Запрос ReadProcessMemory или WriteProcessMemory был выполнен только частично. (0x12B)
[1103/014843.823:ERROR:process_info.cc(359)] UncheckedAllocate
